<?xml version="1.0" encoding="UTF-8"?>
<!-- Generated by org.testng.reporters.JUnitXMLReporter -->
<testsuite ignored="2" hostname="DESKTOP-I93VVF5" failures="0" tests="5" name="Car Loan" time="0.102" errors="0" timestamp="2024-07-17T10:43:13 IST">
  <testcase classname="packageName.Day3" name="WebLoginCarLoan" time="0.006"/>
  <testcase classname="packageName.Day3" name="mobileSignOutCarLoan" time="0.003"/>
  <testcase classname="packageName.Day3" name="mobileSignOutCarLoan" time="0.002"/>
  <testcase classname="packageName.Day3" name="mobileSignOutCarLoan" time="0.002"/>
  <testcase classname="packageName.Day3" name="mobileSignUpCarLoan" time="0.007"/>
  <testcase classname="packageName.Day3" name="APIloginCarLoan" time="0.0">
    <ignored/>
  </testcase> <!-- APIloginCarLoan -->
  <testcase classname="packageName.Day3" name="mobileloginCarLoan" time="0.0">
    <ignored/>
  </testcase> <!-- mobileloginCarLoan -->
</testsuite> <!-- Car Loan -->
