<?xml version="1.0" encoding="UTF-8"?>
<!-- Generated by org.testng.reporters.JUnitXMLReporter -->
<testsuite ignored="0" hostname="DESKTOP-I93VVF5" failures="0" tests="3" name="Home Loan" time="0.015" errors="0" timestamp="2024-07-17T10:43:13 IST">
  <testcase classname="packageName.Day4" name="MobileloginHomeLoan" time="0.001"/>
  <testcase classname="packageName.Day4" name="APIloginHomeLoan" time="0.002"/>
  <testcase classname="packageName.Day4" name="WebloginHomeLoan" time="0.001"/>
</testsuite> <!-- Home Loan -->
